Arguments: 
  C:\Program Files\nodejs\node.exe C:\Users\L\AppData\Roaming\npm\node_modules\yarn\bin\yarn.js add eslint --dev

PATH: 
  C:\Program Files (x86)\Common Files\Intel\Shared Libraries\redist\intel64_win\compiler;C:\Program Files (x86)\Common Files\Oracle\Java\javapath;C:\Program Files (x86)\Intel\iCLS Client\;C:\Program Files\Intel\iCLS Client\;C:\Windows\system32;C:\Windows;C:\Windows\System32\Wbem;C:\Windows\System32\WindowsPowerShell\v1.0\;C:\Program Files (x86)\NVIDIA Corporation\PhysX\Common;C:\Program Files (x86)\Intel\Intel(R) Management Engine Components\DAL;C:\Program Files\Intel\Intel(R) Management Engine Components\DAL;C:\Program Files (x86)\Intel\Intel(R) Management Engine Components\IPT;C:\Program Files\Intel\Intel(R) Management Engine Components\IPT;C:\Program Files\Java\jdk1.8.0_172\bin;C:\Program Files\Java\jdk1.8.0_172\jre\bin;C:\WINDOWS\system32;C:\WINDOWS;C:\WINDOWS\System32\Wbem;C:\WINDOWS\System32\WindowsPowerShell\v1.0\;C:\WINDOWS\System32\OpenSSH\;D:\Program Files\Git\cmd;D:\Program Files\Git\bin;D:\Program Files\TortoiseGit\bin;D:\Program Files\TortoiseSVN\bin;C:\Program Files\nodejs\;D:\maven\apache-maven-3.5.3\bin;C:\Users\L\AppData\Local\Microsoft\WindowsApps;;C:\Users\L\AppData\Local\Programs\Microsoft VS Code\bin;C:\Users\L\AppData\Roaming\npm

Yarn version: 
  1.13.0

Node version: 
  10.15.0

Platform: 
  win32 x64

Trace: 
  Error: ENOENT: no such file or directory, copyfile 'C:\Users\L\AppData\Local\Yarn\Cache\v4\npm-ms-2.1.1-30a5864eb3ebb0a66f2ebe6d727af06a09d86e0a\node_modules\ms\index.js' -> 'D:\wzy\lastnew\webpack-react-tutorial\node_modules\@babel\core\node_modules\ms\index.js'

npm manifest: 
  {
    "name": "webpack-react-tutorial",
    "version": "1.0.0",
    "description": "",
    "main": "index.js",
    "scripts": {
      "start": "webpack-dev-server --open --mode development",
      "build": "webpack --mode production",
      "test": "echo \"Error: no test specified\" && exit 1"
    },
    "keywords": [],
    "author": "",
    "license": "ISC",
    "devDependencies": {
      "@babel/core": "^7.2.2",
      "@babel/plugin-transform-runtime": "^7.2.0",
      "@babel/preset-env": "^7.2.3",
      "@babel/preset-react": "^7.0.0",
      "babel-loader": "^8.0.5",
      "css-loader": "^2.1.0",
      "html-loader": "^0.5.5",
      "html-webpack-plugin": "^3.2.0",
      "less": "^3.9.0",
      "less-loader": "^4.1.0",
      "prop-types": "^15.6.2",
      "react": "^16.7.0",
      "react-dom": "^16.7.0",
      "style-loader": "^0.23.1",
      "stylelint": "^9.9.0",
      "stylelint-config-standard": "^18.2.0",
      "webpack": "^4.28.4",
      "webpack-cli": "^3.2.1",
      "webpack-dev-server": "^3.1.14"
    },
    "dependencies": {
      "@babel/runtime": "^7.2.0",
      "react-redux": "^6.0.0",
      "redux": "^4.0.1",
      "redux-saga": "^0.16.2"
    }
  }

yarn manifest: 
  No manifest

Lockfile: 
  No lockfile
